<?xml version="1.0" encoding="UTF-8"?>
<testsuite name="com.revature.service.UserServiceTest" tests="5" skipped="0" failures="0" errors="0" timestamp="2022-04-22T13:35:59" hostname="mac.local" time="0.527">
  <properties/>
  <testcase name="test_checkPassword_positive()" classname="com.revature.service.UserServiceTest" time="0.306"/>
  <testcase name="test_checkPassword_negative()" classname="com.revature.service.UserServiceTest" time="0.097"/>
  <testcase name="test_signUp_positive()" classname="com.revature.service.UserServiceTest" time="0.095"/>
  <testcase name="test_getUserByUsername_negative()" classname="com.revature.service.UserServiceTest" time="0.003"/>
  <testcase name="test_signUp_negative()" classname="com.revature.service.UserServiceTest" time="0.002"/>
  <system-out><![CDATA[]]></system-out>
  <system-err><![CDATA[]]></system-err>
</testsuite>
