<?xml version="1.0" encoding="UTF-8"?>
<testsuite name="com.revature.service.ReimbursementServiceTest" tests="10" skipped="0" failures="0" errors="0" timestamp="2022-03-29T00:31:08" hostname="mac.local" time="1.041">
  <properties/>
  <testcase name="test_resolvedReimbursement_invalidId()" classname="com.revature.service.ReimbursementServiceTest" time="0.98"/>
  <testcase name="test_resolveReimbursement_invalidStatus()" classname="com.revature.service.ReimbursementServiceTest" time="0.003"/>
  <testcase name="test_getSpecificEmployee_invalidId()" classname="com.revature.service.ReimbursementServiceTest" time="0.001"/>
  <testcase name="test_getSpecificEmployee_noReimbursementsFound()" classname="com.revature.service.ReimbursementServiceTest" time="0.025"/>
  <testcase name="test_resolvedReimbursement_notFound()" classname="com.revature.service.ReimbursementServiceTest" time="0.006"/>
  <testcase name="test_resolvedReimbursement_notPending()" classname="com.revature.service.ReimbursementServiceTest" time="0.003"/>
  <testcase name="test_addReimbursement_positive()" classname="com.revature.service.ReimbursementServiceTest" time="0.003"/>
  <testcase name="test_getSpecificEmployee_positive()" classname="com.revature.service.ReimbursementServiceTest" time="0.0"/>
  <testcase name="test_GetAllReimbursements_positive()" classname="com.revature.service.ReimbursementServiceTest" time="0.003"/>
  <testcase name="test_addReimbursement_invalidType()" classname="com.revature.service.ReimbursementServiceTest" time="0.004"/>
  <system-out><![CDATA[]]></system-out>
  <system-err><![CDATA[]]></system-err>
</testsuite>
